0.2990 	WARNING 	We strongly recommend you activate the PTB sound engine in PsychoPy prefs as the preferred audio engine. Its timing is vastly superior. Your prefs are currently set to use ['sounddevice', 'PTB', 'pyo', 'pygame'] (in that order).
2.2055 	INFO 	Loaded monitor calibration from ['2020_06_30 14:10']
2.8976 	EXP 	Created window1 = Window(allowGUI=False, allowStencil=False, autoLog=True, backendConf=UNKNOWN, bitsMode=UNKNOWN, blendMode='avg', bpc=(8, 8, 8), color=array([0, 0, 0]), colorSpace='rgb', depthBits=8, fullscr=<method-wrapper '__getattribute__' of attributeSetter object at 0x7f83b58f2ba8>, gamma=None, gammaErrorPolicy='raise', lms=UNKNOWN, monitor=<psychopy.monitors.calibTools.Monitor object at 0x7f83b5e41d68>, multiSample=False, name='window1', numSamples=2, pos=[360.0, 225.0], screen=0, size=array([2880, 1800]), stencilBits=0, stereo=False, units='height', useFBO=True, useRetina=True, viewOri=0.0, viewPos=None, viewScale=None, waitBlanking=True, winType='pyglet')
2.8992 	EXP 	window1: mouseVisible = True
2.8992 	EXP 	window1: recordFrameIntervals = False
3.0641 	EXP 	window1: recordFrameIntervals = True
3.2129 	DATA 	Keypress: space
3.2220 	WARNING 	t of last frame was 24.02ms (=1/41)
3.4140 	DEBUG 	Screen (0) actual frame rate measured at 60.07
3.4140 	EXP 	window1: recordFrameIntervals = False
3.6461 	EXP 	Created InstrText = TextStim(__class__=<class 'psychopy.visual.text.TextStim'>, alignHoriz=method-wrapper(...), alignText='center', alignVert=method-wrapper(...), anchorHoriz='center', anchorVert='center', antialias=True, autoLog=True, bold=False, color=array([1, 1, 1]), colorSpace='rgb', contrast=1.0, depth=0.0, flipHoriz=False, flipVert=False, font='Open Sans', fontFiles=[], height=0.05, italic=False, languageStyle='LTR', name='InstrText', opacity=1, ori=0.0, pos=array([0., 0.]), rgb=UNKNOWN, text=str(...), units='height', win=Window(...), wrapWidth=1)
3.8036 	EXP 	Created example = TextStim(__class__=<class 'psychopy.visual.text.TextStim'>, alignHoriz=method-wrapper(...), alignText='center', alignVert=method-wrapper(...), anchorHoriz='center', anchorVert='center', antialias=True, autoLog=True, bold=False, color=array([1, 1, 1]), colorSpace='rgb', contrast=1.0, depth=0.0, flipHoriz=False, flipVert=False, font='Open Sans', fontFiles=[], height=0.05, italic=False, languageStyle='LTR', name='example', opacity=1, ori=0.0, pos=array([0., 0.]), rgb=UNKNOWN, text=str(...), units='height', win=Window(...), wrapWidth=1)
3.9422 	EXP 	Created practice = TextStim(__class__=<class 'psychopy.visual.text.TextStim'>, alignHoriz=method-wrapper(...), alignText='center', alignVert=method-wrapper(...), anchorHoriz='center', anchorVert='center', antialias=True, autoLog=True, bold=False, color=array([1, 1, 1]), colorSpace='rgb', contrast=1.0, depth=0.0, flipHoriz=False, flipVert=False, font='Open Sans', fontFiles=[], height=0.05, italic=False, languageStyle='LTR', name='practice', opacity=1, ori=0.0, pos=array([0., 0.]), rgb=UNKNOWN, text=str(...), units='height', win=Window(...), wrapWidth=1)
4.0706 	EXP 	Created top_practice = TextStim(__class__=<class 'psychopy.visual.text.TextStim'>, alignHoriz=method-wrapper(...), alignText='center', alignVert=method-wrapper(...), anchorHoriz='center', anchorVert='center', antialias=True, autoLog=True, bold=False, color=array([1, 1, 1]), colorSpace='rgb', contrast=1.0, depth=0.0, flipHoriz=False, flipVert=False, font='Open Sans', fontFiles=[], height=0.1, italic=False, languageStyle='LTR', name='top_practice', opacity=1, ori=0.0, pos=array([0.  , 0.05]), rgb=UNKNOWN, text='', units='height', win=Window(...), wrapWidth=1)
4.0713 	EXP 	Created bottom_practice = TextStim(__class__=<class 'psychopy.visual.text.TextStim'>, alignHoriz=method-wrapper(...), alignText='center', alignVert=method-wrapper(...), anchorHoriz='center', anchorVert='center', antialias=True, autoLog=True, bold=False, color=array([1, 1, 1]), colorSpace='rgb', contrast=1.0, depth=-1.0, flipHoriz=False, flipVert=False, font='Open Sans', fontFiles=[], height=0.1, italic=False, languageStyle='LTR', name='bottom_practice', opacity=1, ori=0.0, pos=array([ 0.  , -0.05]), rgb=UNKNOWN, text='', units='height', win=Window(...), wrapWidth=1)
4.0741 	EXP 	Created fix_practice = ShapeStim(__class__=<class 'psychopy.visual.shape.ShapeStim'>, autoDraw=False, autoLog=True, closeShape=True, color=method-wrapper(...), colorSpace='rgb', contrast=None, depth=-2.0, fillColor=array([1, 1, 1]), fillColorSpace='rgb', fillRGB=UNKNOWN, interpolate=True, lineColor=array([1, 1, 1]), lineColorSpace='rgb', lineRGB=UNKNOWN, lineWidth=1.0, name='fix_practice', opacity=1, ori=0.0, pos=array([0., 0.]), size=array([0.015, 0.015]), units='height', vertices=ndarray(...), win=Window(...), windingRule=None)
4.0748 	EXP 	Created top = TextStim(__class__=<class 'psychopy.visual.text.TextStim'>, alignHoriz=method-wrapper(...), alignText='center', alignVert=method-wrapper(...), anchorHoriz='center', anchorVert='center', antialias=True, autoLog=True, bold=False, color=array([1, 1, 1]), colorSpace='rgb', contrast=1.0, depth=0.0, flipHoriz=False, flipVert=False, font='Open Sans', fontFiles=[], height=0.1, italic=False, languageStyle='LTR', name='top', opacity=1, ori=0.0, pos=array([0.  , 0.05]), rgb=UNKNOWN, text='', units='height', win=Window(...), wrapWidth=1)
4.2220 	EXP 	Created ready = TextStim(__class__=<class 'psychopy.visual.text.TextStim'>, alignHoriz=method-wrapper(...), alignText='center', alignVert=method-wrapper(...), anchorHoriz='center', anchorVert='center', antialias=True, autoLog=True, bold=False, color=array([1, 1, 1]), colorSpace='rgb', contrast=1.0, depth=0.0, flipHoriz=False, flipVert=False, font='Open Sans', fontFiles=[], height=0.1, italic=False, languageStyle='LTR', name='ready', opacity=1, ori=0.0, pos=array([0., 0.]), rgb=UNKNOWN, text=str(...), units='height', win=Window(...), wrapWidth=1)
4.3719 	EXP 	Created text = TextStim(__class__=<class 'psychopy.visual.text.TextStim'>, alignHoriz=method-wrapper(...), alignText='center', alignVert=method-wrapper(...), anchorHoriz='center', anchorVert='center', antialias=True, autoLog=True, bold=False, color=array([1, 1, 1]), colorSpace='rgb', contrast=1.0, depth=0.0, flipHoriz=False, flipVert=False, font='Open Sans', fontFiles=[], height=0.06, italic=False, languageStyle='LTR', name='text', opacity=1, ori=0.0, pos=array([0., 0.]), rgb=UNKNOWN, text='Ready?\n\nPress ‘SPACE’ to start the block', units='height', win=Window(...), wrapWidth=1)
4.5017 	EXP 	Created top_word = TextStim(__class__=<class 'psychopy.visual.text.TextStim'>, alignHoriz=method-wrapper(...), alignText='center', alignVert=method-wrapper(...), anchorHoriz='center', anchorVert='center', antialias=True, autoLog=True, bold=False, color=array([1, 1, 1]), colorSpace='rgb', contrast=1.0, depth=0.0, flipHoriz=False, flipVert=False, font='Open Sans', fontFiles=[], height=0.05, italic=False, languageStyle='LTR', name='top_word', opacity=1, ori=0.0, pos=array([0.  , 0.05]), rgb=UNKNOWN, text='', units='height', win=Window(...), wrapWidth=1)
4.5025 	EXP 	Created bot_word = TextStim(__class__=<class 'psychopy.visual.text.TextStim'>, alignHoriz=method-wrapper(...), alignText='center', alignVert=method-wrapper(...), anchorHoriz='center', anchorVert='center', antialias=True, autoLog=True, bold=False, color=array([1, 1, 1]), colorSpace='rgb', contrast=1.0, depth=-1.0, flipHoriz=False, flipVert=False, font='Open Sans', fontFiles=[], height=0.05, italic=False, languageStyle='LTR', name='bot_word', opacity=1, ori=0.0, pos=array([ 0.  , -0.05]), rgb=UNKNOWN, text='', units='height', win=Window(...), wrapWidth=1)
4.5043 	EXP 	Created polygon = ShapeStim(__class__=<class 'psychopy.visual.shape.ShapeStim'>, autoDraw=False, autoLog=True, closeShape=True, color=method-wrapper(...), colorSpace='rgb', contrast=None, depth=-2.0, fillColor=array([1, 1, 1]), fillColorSpace='rgb', fillRGB=UNKNOWN, interpolate=True, lineColor=array([1, 1, 1]), lineColorSpace='rgb', lineRGB=UNKNOWN, lineWidth=1.0, name='polygon', opacity=1, ori=0.0, pos=array([0., 0.]), size=array([0.015, 0.015]), units='height', vertices=ndarray(...), win=Window(...), windingRule=None)
4.5050 	EXP 	Created top_text = TextStim(__class__=<class 'psychopy.visual.text.TextStim'>, alignHoriz=method-wrapper(...), alignText='center', alignVert=method-wrapper(...), anchorHoriz='center', anchorVert='center', antialias=True, autoLog=True, bold=False, color=array([1, 1, 1]), colorSpace='rgb', contrast=1.0, depth=0.0, flipHoriz=False, flipVert=False, font='Open Sans', fontFiles=[], height=0.05, italic=False, languageStyle='LTR', name='top_text', opacity=1, ori=0.0, pos=array([0.  , 0.05]), rgb=UNKNOWN, text='', units='height', win=Window(...), wrapWidth=1)
4.6439 	DATA 	Keypress: space
4.6455 	DATA 	Keypress: space
4.6466 	DATA 	Keypress: space
4.6476 	DATA 	Keypress: space
4.6486 	DATA 	Keypress: space
4.6496 	DATA 	Keypress: space
4.6506 	DATA 	Keypress: space
4.6615 	EXP 	practiceprobe: autoLog = True
4.6615 	EXP 	probe_text: autoLog = True
4.6615 	EXP 	InstrText: autoDraw = True
4.7682 	DATA 	Keypress: space
4.7811 	EXP 	InstrText: autoDraw = False
4.7811 	EXP 	example: autoDraw = True
4.9344 	DATA 	Keypress: space
4.9474 	EXP 	example: autoDraw = False
4.9474 	EXP 	practice: autoDraw = True
5.1384 	DEBUG 	Read excel file with openpyxl: practice.xlsx
5.1389 	EXP 	Imported practice.xlsx as conditions, 3 conditions, 2 params
5.1395 	EXP 	Created sequence: random, trialTypes=3, nReps=1, seed=None
5.1401 	EXP 	New trial (rep=0, index=0): {'word1': 'mouse', 'word2': 'tree'}
5.6895 	EXP 	window1: mouseVisible = True
5.6905 	DEBUG 	Saving data for paired-associates ExperimentHandler
5.6915 	INFO 	saved data to /Users/adkinsty/files/experiments/paired-associates/data/_paired-associates_2021_Mar_16_2336.psydat
5.6924 	INFO 	saved data to '/Users/adkinsty/files/experiments/paired-associates/data/_paired-associates_2021_Mar_16_2336.csv'
