0.2864 	WARNING 	We strongly recommend you activate the PTB sound engine in PsychoPy prefs as the preferred audio engine. Its timing is vastly superior. Your prefs are currently set to use ['sounddevice', 'PTB', 'pyo', 'pygame'] (in that order).
2.1365 	INFO 	Loaded monitor calibration from ['2020_06_30 14:10']
2.8182 	EXP 	Created window1 = Window(allowGUI=False, allowStencil=False, autoLog=True, backendConf=UNKNOWN, bitsMode=UNKNOWN, blendMode='avg', bpc=(8, 8, 8), color=array([0, 0, 0]), colorSpace='rgb', depthBits=8, fullscr=<method-wrapper '__getattribute__' of attributeSetter object at 0x7fa906f37b38>, gamma=None, gammaErrorPolicy='raise', lms=UNKNOWN, monitor=<psychopy.monitors.calibTools.Monitor object at 0x7fa906f27cf8>, multiSample=False, name='window1', numSamples=2, pos=[360.0, 225.0], screen=0, size=array([2880, 1800]), stencilBits=0, stereo=False, units='height', useFBO=True, useRetina=True, viewOri=0.0, viewPos=None, viewScale=None, waitBlanking=True, winType='pyglet')
2.8199 	EXP 	window1: mouseVisible = True
2.8200 	EXP 	window1: recordFrameIntervals = False
2.9843 	EXP 	window1: recordFrameIntervals = True
3.1677 	DEBUG 	Screen (0) actual frame rate measured at 60.10
3.1677 	EXP 	window1: recordFrameIntervals = False
3.3859 	EXP 	Created InstrText = TextStim(__class__=<class 'psychopy.visual.text.TextStim'>, alignHoriz=method-wrapper(...), alignText='center', alignVert=method-wrapper(...), anchorHoriz='center', anchorVert='center', antialias=True, autoLog=True, bold=False, color=array([1, 1, 1]), colorSpace='rgb', contrast=1.0, depth=0.0, flipHoriz=False, flipVert=False, font='Open Sans', fontFiles=[], height=0.05, italic=False, languageStyle='LTR', name='InstrText', opacity=1, ori=0.0, pos=array([0., 0.]), rgb=UNKNOWN, text=str(...), units='height', win=Window(...), wrapWidth=1)
3.5403 	EXP 	Created example = TextStim(__class__=<class 'psychopy.visual.text.TextStim'>, alignHoriz=method-wrapper(...), alignText='center', alignVert=method-wrapper(...), anchorHoriz='center', anchorVert='center', antialias=True, autoLog=True, bold=False, color=array([1, 1, 1]), colorSpace='rgb', contrast=1.0, depth=0.0, flipHoriz=False, flipVert=False, font='Open Sans', fontFiles=[], height=0.05, italic=False, languageStyle='LTR', name='example', opacity=1, ori=0.0, pos=array([0., 0.]), rgb=UNKNOWN, text=str(...), units='height', win=Window(...), wrapWidth=1)
3.6711 	EXP 	Created practice = TextStim(__class__=<class 'psychopy.visual.text.TextStim'>, alignHoriz=method-wrapper(...), alignText='center', alignVert=method-wrapper(...), anchorHoriz='center', anchorVert='center', antialias=True, autoLog=True, bold=False, color=array([1, 1, 1]), colorSpace='rgb', contrast=1.0, depth=0.0, flipHoriz=False, flipVert=False, font='Open Sans', fontFiles=[], height=0.05, italic=False, languageStyle='LTR', name='practice', opacity=1, ori=0.0, pos=array([0., 0.]), rgb=UNKNOWN, text=str(...), units='height', win=Window(...), wrapWidth=1)
3.7952 	EXP 	Created top_practice = TextStim(__class__=<class 'psychopy.visual.text.TextStim'>, alignHoriz=method-wrapper(...), alignText='center', alignVert=method-wrapper(...), anchorHoriz='center', anchorVert='center', antialias=True, autoLog=True, bold=False, color=array([1, 1, 1]), colorSpace='rgb', contrast=1.0, depth=0.0, flipHoriz=False, flipVert=False, font='Open Sans', fontFiles=[], height=0.1, italic=False, languageStyle='LTR', name='top_practice', opacity=1, ori=0.0, pos=array([0.  , 0.05]), rgb=UNKNOWN, text='', units='height', win=Window(...), wrapWidth=1)
3.7959 	EXP 	Created bottom_practice = TextStim(__class__=<class 'psychopy.visual.text.TextStim'>, alignHoriz=method-wrapper(...), alignText='center', alignVert=method-wrapper(...), anchorHoriz='center', anchorVert='center', antialias=True, autoLog=True, bold=False, color=array([1, 1, 1]), colorSpace='rgb', contrast=1.0, depth=-1.0, flipHoriz=False, flipVert=False, font='Open Sans', fontFiles=[], height=0.1, italic=False, languageStyle='LTR', name='bottom_practice', opacity=1, ori=0.0, pos=array([ 0.  , -0.05]), rgb=UNKNOWN, text='', units='height', win=Window(...), wrapWidth=1)
3.7986 	EXP 	Created fix_practice = ShapeStim(__class__=<class 'psychopy.visual.shape.ShapeStim'>, autoDraw=False, autoLog=True, closeShape=True, color=method-wrapper(...), colorSpace='rgb', contrast=None, depth=-2.0, fillColor=array([1, 1, 1]), fillColorSpace='rgb', fillRGB=UNKNOWN, interpolate=True, lineColor=array([1, 1, 1]), lineColorSpace='rgb', lineRGB=UNKNOWN, lineWidth=1.0, name='fix_practice', opacity=1, ori=0.0, pos=array([0., 0.]), size=array([0.015, 0.015]), units='height', vertices=ndarray(...), win=Window(...), windingRule=None)
3.7992 	EXP 	Created top = TextStim(__class__=<class 'psychopy.visual.text.TextStim'>, alignHoriz=method-wrapper(...), alignText='center', alignVert=method-wrapper(...), anchorHoriz='center', anchorVert='center', antialias=True, autoLog=True, bold=False, color=array([1, 1, 1]), colorSpace='rgb', contrast=1.0, depth=0.0, flipHoriz=False, flipVert=False, font='Open Sans', fontFiles=[], height=0.1, italic=False, languageStyle='LTR', name='top', opacity=1, ori=0.0, pos=array([0.  , 0.05]), rgb=UNKNOWN, text='', units='height', win=Window(...), wrapWidth=1)
3.9482 	EXP 	Created ready = TextStim(__class__=<class 'psychopy.visual.text.TextStim'>, alignHoriz=method-wrapper(...), alignText='center', alignVert=method-wrapper(...), anchorHoriz='center', anchorVert='center', antialias=True, autoLog=True, bold=False, color=array([1, 1, 1]), colorSpace='rgb', contrast=1.0, depth=0.0, flipHoriz=False, flipVert=False, font='Open Sans', fontFiles=[], height=0.1, italic=False, languageStyle='LTR', name='ready', opacity=1, ori=0.0, pos=array([0., 0.]), rgb=UNKNOWN, text=str(...), units='height', win=Window(...), wrapWidth=1)
4.0957 	EXP 	Created text = TextStim(__class__=<class 'psychopy.visual.text.TextStim'>, alignHoriz=method-wrapper(...), alignText='center', alignVert=method-wrapper(...), anchorHoriz='center', anchorVert='center', antialias=True, autoLog=True, bold=False, color=array([1, 1, 1]), colorSpace='rgb', contrast=1.0, depth=0.0, flipHoriz=False, flipVert=False, font='Open Sans', fontFiles=[], height=0.06, italic=False, languageStyle='LTR', name='text', opacity=1, ori=0.0, pos=array([0., 0.]), rgb=UNKNOWN, text='Ready?\n\nPress ‘SPACE’ to start the block', units='height', win=Window(...), wrapWidth=1)
4.2233 	EXP 	Created top_word = TextStim(__class__=<class 'psychopy.visual.text.TextStim'>, alignHoriz=method-wrapper(...), alignText='center', alignVert=method-wrapper(...), anchorHoriz='center', anchorVert='center', antialias=True, autoLog=True, bold=False, color=array([1, 1, 1]), colorSpace='rgb', contrast=1.0, depth=0.0, flipHoriz=False, flipVert=False, font='Open Sans', fontFiles=[], height=0.05, italic=False, languageStyle='LTR', name='top_word', opacity=1, ori=0.0, pos=array([0.  , 0.05]), rgb=UNKNOWN, text='', units='height', win=Window(...), wrapWidth=1)
4.2239 	EXP 	Created bot_word = TextStim(__class__=<class 'psychopy.visual.text.TextStim'>, alignHoriz=method-wrapper(...), alignText='center', alignVert=method-wrapper(...), anchorHoriz='center', anchorVert='center', antialias=True, autoLog=True, bold=False, color=array([1, 1, 1]), colorSpace='rgb', contrast=1.0, depth=-1.0, flipHoriz=False, flipVert=False, font='Open Sans', fontFiles=[], height=0.05, italic=False, languageStyle='LTR', name='bot_word', opacity=1, ori=0.0, pos=array([ 0.  , -0.05]), rgb=UNKNOWN, text='', units='height', win=Window(...), wrapWidth=1)
4.2256 	EXP 	Created polygon = ShapeStim(__class__=<class 'psychopy.visual.shape.ShapeStim'>, autoDraw=False, autoLog=True, closeShape=True, color=method-wrapper(...), colorSpace='rgb', contrast=None, depth=-2.0, fillColor=array([1, 1, 1]), fillColorSpace='rgb', fillRGB=UNKNOWN, interpolate=True, lineColor=array([1, 1, 1]), lineColorSpace='rgb', lineRGB=UNKNOWN, lineWidth=1.0, name='polygon', opacity=1, ori=0.0, pos=array([0., 0.]), size=array([0.015, 0.015]), units='height', vertices=ndarray(...), win=Window(...), windingRule=None)
4.2262 	EXP 	Created top_text = TextStim(__class__=<class 'psychopy.visual.text.TextStim'>, alignHoriz=method-wrapper(...), alignText='center', alignVert=method-wrapper(...), anchorHoriz='center', anchorVert='center', antialias=True, autoLog=True, bold=False, color=array([1, 1, 1]), colorSpace='rgb', contrast=1.0, depth=0.0, flipHoriz=False, flipVert=False, font='Open Sans', fontFiles=[], height=0.05, italic=False, languageStyle='LTR', name='top_text', opacity=1, ori=0.0, pos=array([0.  , 0.05]), rgb=UNKNOWN, text='', units='height', win=Window(...), wrapWidth=1)
4.3706 	EXP 	practiceprobe: autoLog = True
4.3706 	EXP 	probe_text: autoLog = True
4.3706 	EXP 	InstrText: autoDraw = True
4.7989 	DATA 	Keypress: space
4.8087 	EXP 	InstrText: autoDraw = False
4.8087 	EXP 	example: autoDraw = True
5.1416 	DATA 	Keypress: space
5.1531 	EXP 	example: autoDraw = False
5.1531 	EXP 	practice: autoDraw = True
5.5459 	DEBUG 	Read excel file with openpyxl: practice_words.xlsx
5.5463 	EXP 	Imported practice_words.xlsx as conditions, 3 conditions, 2 params
5.5466 	EXP 	Created sequence: sequential, trialTypes=3, nReps=1, seed=None
5.5469 	EXP 	New trial (rep=0, index=0): {'word1': 'mouse', 'word2': 'tree'}
5.5533 	DATA 	Keypress: space
5.5621 	EXP 	practice: autoDraw = False
5.5621 	EXP 	top_practice: text = ''
5.5621 	EXP 	bottom_practice: text = ''
5.5621 	EXP 	top_practice: autoDraw = True
5.5621 	EXP 	bottom_practice: autoDraw = True
5.5621 	EXP 	fix_practice: autoDraw = True
5.5621 	EXP 	top_practice: text = ''
5.5621 	EXP 	bottom_practice: text = ''
7.5533 	EXP 	New trial (rep=0, index=1): {'word1': 'fork', 'word2': 'task'}
7.5682 	EXP 	top_practice: autoDraw = False
7.5682 	EXP 	bottom_practice: autoDraw = False
7.5682 	EXP 	fix_practice: autoDraw = False
7.5682 	EXP 	top_practice: text = ''
7.5682 	EXP 	bottom_practice: text = ''
7.5682 	EXP 	top_practice: autoDraw = True
7.5682 	EXP 	bottom_practice: autoDraw = True
7.5682 	EXP 	fix_practice: autoDraw = True
9.5530 	EXP 	New trial (rep=0, index=2): {'word1': 'trash', 'word2': 'desk'}
9.5685 	EXP 	top_practice: autoDraw = False
9.5685 	EXP 	bottom_practice: autoDraw = False
9.5685 	EXP 	fix_practice: autoDraw = False
9.5685 	EXP 	top_practice: text = ''
9.5685 	EXP 	bottom_practice: text = ''
9.5685 	EXP 	top_practice: autoDraw = True
9.5685 	EXP 	bottom_practice: autoDraw = True
9.5685 	EXP 	fix_practice: autoDraw = True
11.5459 	DEBUG 	Read excel file with openpyxl: practice_words.xlsx
11.5465 	EXP 	Imported practice_words.xlsx as conditions, 3 conditions, 2 params
11.5472 	EXP 	Created sequence: sequential, trialTypes=3, nReps=1, seed=None
11.5475 	EXP 	New trial (rep=0, index=0): {'word1': 'mouse', 'word2': 'tree'}
11.5606 	EXP 	top_practice: autoDraw = False
11.5606 	EXP 	bottom_practice: autoDraw = False
11.5606 	EXP 	fix_practice: autoDraw = False
11.5606 	EXP 	top: text = ''
11.5606 	EXP 	practiceprobe: pos = array([ 0.35, -0.05])
11.5606 	EXP 	top: autoDraw = True
11.5606 	EXP 	practiceprobe: autoDraw = True
11.5606 	EXP 	top: text = ''
12.5284 	DEBUG 	TextBox2 loaded 1 chars with 0 blanks and 1 valid
12.5288 	DEBUG 	Uploading Texture Font fontname to graphics card
12.5335 	DEBUG 	Upload of Texture Font fontname complete
12.5338 	DATA 	Keypress: a
12.5806 	DEBUG 	TextBox2 loaded 1 chars with 0 blanks and 1 valid
12.5807 	DEBUG 	Uploading Texture Font fontname to graphics card
12.5852 	DEBUG 	Upload of Texture Font fontname complete
12.5854 	DATA 	Keypress: s
12.6436 	DEBUG 	TextBox2 loaded 1 chars with 0 blanks and 1 valid
12.6437 	DEBUG 	Uploading Texture Font fontname to graphics card
12.6477 	DEBUG 	Upload of Texture Font fontname complete
12.6480 	DATA 	Keypress: d
12.6964 	DEBUG 	TextBox2 loaded 1 chars with 0 blanks and 1 valid
12.6967 	DEBUG 	Uploading Texture Font fontname to graphics card
12.6987 	DEBUG 	Upload of Texture Font fontname complete
12.6991 	DATA 	Keypress: f
13.6713 	EXP 	window1: mouseVisible = True
13.6739 	DEBUG 	Saving data for paired-associates ExperimentHandler
13.6751 	INFO 	saved data to /Users/adkinsty/files/experiments/paired-associates/data/_paired-associates_2021_Mar_16_2350.psydat
13.6761 	INFO 	saved data to '/Users/adkinsty/files/experiments/paired-associates/data/_paired-associates_2021_Mar_16_2350.csv'
