0.2950 	WARNING 	We strongly recommend you activate the PTB sound engine in PsychoPy prefs as the preferred audio engine. Its timing is vastly superior. Your prefs are currently set to use ['sounddevice', 'PTB', 'pyo', 'pygame'] (in that order).
2.0971 	INFO 	Loaded monitor calibration from ['2020_06_30 14:10']
2.7912 	EXP 	Created window1 = Window(allowGUI=False, allowStencil=False, autoLog=True, backendConf=UNKNOWN, bitsMode=UNKNOWN, blendMode='avg', bpc=(8, 8, 8), color=array([0, 0, 0]), colorSpace='rgb', depthBits=8, fullscr=<method-wrapper '__getattribute__' of attributeSetter object at 0x7ff902735b38>, gamma=None, gammaErrorPolicy='raise', lms=UNKNOWN, monitor=<psychopy.monitors.calibTools.Monitor object at 0x7ff902725cf8>, multiSample=False, name='window1', numSamples=2, pos=[360.0, 225.0], screen=0, size=array([2880, 1800]), stencilBits=0, stereo=False, units='height', useFBO=True, useRetina=True, viewOri=0.0, viewPos=None, viewScale=None, waitBlanking=True, winType='pyglet')
2.7928 	EXP 	window1: mouseVisible = True
2.7928 	EXP 	window1: recordFrameIntervals = False
2.9573 	EXP 	window1: recordFrameIntervals = True
3.1417 	DEBUG 	Screen (0) actual frame rate measured at 59.84
3.1418 	EXP 	window1: recordFrameIntervals = False
3.3610 	EXP 	Created InstrText = TextStim(__class__=<class 'psychopy.visual.text.TextStim'>, alignHoriz=method-wrapper(...), alignText='center', alignVert=method-wrapper(...), anchorHoriz='center', anchorVert='center', antialias=True, autoLog=True, bold=False, color=array([1, 1, 1]), colorSpace='rgb', contrast=1.0, depth=0.0, flipHoriz=False, flipVert=False, font='Open Sans', fontFiles=[], height=0.05, italic=False, languageStyle='LTR', name='InstrText', opacity=1, ori=0.0, pos=array([0., 0.]), rgb=UNKNOWN, text=str(...), units='height', win=Window(...), wrapWidth=1)
3.5244 	EXP 	Created example = TextStim(__class__=<class 'psychopy.visual.text.TextStim'>, alignHoriz=method-wrapper(...), alignText='center', alignVert=method-wrapper(...), anchorHoriz='center', anchorVert='center', antialias=True, autoLog=True, bold=False, color=array([1, 1, 1]), colorSpace='rgb', contrast=1.0, depth=0.0, flipHoriz=False, flipVert=False, font='Open Sans', fontFiles=[], height=0.05, italic=False, languageStyle='LTR', name='example', opacity=1, ori=0.0, pos=array([0., 0.]), rgb=UNKNOWN, text=str(...), units='height', win=Window(...), wrapWidth=1)
3.6578 	EXP 	Created practice = TextStim(__class__=<class 'psychopy.visual.text.TextStim'>, alignHoriz=method-wrapper(...), alignText='center', alignVert=method-wrapper(...), anchorHoriz='center', anchorVert='center', antialias=True, autoLog=True, bold=False, color=array([1, 1, 1]), colorSpace='rgb', contrast=1.0, depth=0.0, flipHoriz=False, flipVert=False, font='Open Sans', fontFiles=[], height=0.05, italic=False, languageStyle='LTR', name='practice', opacity=1, ori=0.0, pos=array([0., 0.]), rgb=UNKNOWN, text=str(...), units='height', win=Window(...), wrapWidth=1)
3.7848 	EXP 	Created top_practice = TextStim(__class__=<class 'psychopy.visual.text.TextStim'>, alignHoriz=method-wrapper(...), alignText='center', alignVert=method-wrapper(...), anchorHoriz='center', anchorVert='center', antialias=True, autoLog=True, bold=False, color=array([1, 1, 1]), colorSpace='rgb', contrast=1.0, depth=0.0, flipHoriz=False, flipVert=False, font='Open Sans', fontFiles=[], height=0.1, italic=False, languageStyle='LTR', name='top_practice', opacity=1, ori=0.0, pos=array([0.  , 0.05]), rgb=UNKNOWN, text='', units='height', win=Window(...), wrapWidth=1)
3.7856 	EXP 	Created bottom_practice = TextStim(__class__=<class 'psychopy.visual.text.TextStim'>, alignHoriz=method-wrapper(...), alignText='center', alignVert=method-wrapper(...), anchorHoriz='center', anchorVert='center', antialias=True, autoLog=True, bold=False, color=array([1, 1, 1]), colorSpace='rgb', contrast=1.0, depth=-1.0, flipHoriz=False, flipVert=False, font='Open Sans', fontFiles=[], height=0.1, italic=False, languageStyle='LTR', name='bottom_practice', opacity=1, ori=0.0, pos=array([ 0.  , -0.05]), rgb=UNKNOWN, text='', units='height', win=Window(...), wrapWidth=1)
3.7886 	EXP 	Created fix_practice = ShapeStim(__class__=<class 'psychopy.visual.shape.ShapeStim'>, autoDraw=False, autoLog=True, closeShape=True, color=method-wrapper(...), colorSpace='rgb', contrast=None, depth=-2.0, fillColor=array([1, 1, 1]), fillColorSpace='rgb', fillRGB=UNKNOWN, interpolate=True, lineColor=array([1, 1, 1]), lineColorSpace='rgb', lineRGB=UNKNOWN, lineWidth=1.0, name='fix_practice', opacity=1, ori=0.0, pos=array([0., 0.]), size=array([0.015, 0.015]), units='height', vertices=ndarray(...), win=Window(...), windingRule=None)
3.7894 	EXP 	Created top = TextStim(__class__=<class 'psychopy.visual.text.TextStim'>, alignHoriz=method-wrapper(...), alignText='center', alignVert=method-wrapper(...), anchorHoriz='center', anchorVert='center', antialias=True, autoLog=True, bold=False, color=array([1, 1, 1]), colorSpace='rgb', contrast=1.0, depth=0.0, flipHoriz=False, flipVert=False, font='Open Sans', fontFiles=[], height=0.1, italic=False, languageStyle='LTR', name='top', opacity=1, ori=0.0, pos=array([0.  , 0.05]), rgb=UNKNOWN, text='', units='height', win=Window(...), wrapWidth=1)
3.9352 	EXP 	Created ready = TextStim(__class__=<class 'psychopy.visual.text.TextStim'>, alignHoriz=method-wrapper(...), alignText='center', alignVert=method-wrapper(...), anchorHoriz='center', anchorVert='center', antialias=True, autoLog=True, bold=False, color=array([1, 1, 1]), colorSpace='rgb', contrast=1.0, depth=0.0, flipHoriz=False, flipVert=False, font='Open Sans', fontFiles=[], height=0.1, italic=False, languageStyle='LTR', name='ready', opacity=1, ori=0.0, pos=array([0., 0.]), rgb=UNKNOWN, text=str(...), units='height', win=Window(...), wrapWidth=1)
4.0885 	EXP 	Created text = TextStim(__class__=<class 'psychopy.visual.text.TextStim'>, alignHoriz=method-wrapper(...), alignText='center', alignVert=method-wrapper(...), anchorHoriz='center', anchorVert='center', antialias=True, autoLog=True, bold=False, color=array([1, 1, 1]), colorSpace='rgb', contrast=1.0, depth=0.0, flipHoriz=False, flipVert=False, font='Open Sans', fontFiles=[], height=0.06, italic=False, languageStyle='LTR', name='text', opacity=1, ori=0.0, pos=array([0., 0.]), rgb=UNKNOWN, text='Ready?\n\nPress ‘SPACE’ to start the block', units='height', win=Window(...), wrapWidth=1)
4.2159 	EXP 	Created top_word = TextStim(__class__=<class 'psychopy.visual.text.TextStim'>, alignHoriz=method-wrapper(...), alignText='center', alignVert=method-wrapper(...), anchorHoriz='center', anchorVert='center', antialias=True, autoLog=True, bold=False, color=array([1, 1, 1]), colorSpace='rgb', contrast=1.0, depth=0.0, flipHoriz=False, flipVert=False, font='Open Sans', fontFiles=[], height=0.05, italic=False, languageStyle='LTR', name='top_word', opacity=1, ori=0.0, pos=array([0.  , 0.05]), rgb=UNKNOWN, text='', units='height', win=Window(...), wrapWidth=1)
4.2169 	EXP 	Created bot_word = TextStim(__class__=<class 'psychopy.visual.text.TextStim'>, alignHoriz=method-wrapper(...), alignText='center', alignVert=method-wrapper(...), anchorHoriz='center', anchorVert='center', antialias=True, autoLog=True, bold=False, color=array([1, 1, 1]), colorSpace='rgb', contrast=1.0, depth=-1.0, flipHoriz=False, flipVert=False, font='Open Sans', fontFiles=[], height=0.05, italic=False, languageStyle='LTR', name='bot_word', opacity=1, ori=0.0, pos=array([ 0.  , -0.05]), rgb=UNKNOWN, text='', units='height', win=Window(...), wrapWidth=1)
4.2191 	EXP 	Created polygon = ShapeStim(__class__=<class 'psychopy.visual.shape.ShapeStim'>, autoDraw=False, autoLog=True, closeShape=True, color=method-wrapper(...), colorSpace='rgb', contrast=None, depth=-2.0, fillColor=array([1, 1, 1]), fillColorSpace='rgb', fillRGB=UNKNOWN, interpolate=True, lineColor=array([1, 1, 1]), lineColorSpace='rgb', lineRGB=UNKNOWN, lineWidth=1.0, name='polygon', opacity=1, ori=0.0, pos=array([0., 0.]), size=array([0.015, 0.015]), units='height', vertices=ndarray(...), win=Window(...), windingRule=None)
4.2199 	EXP 	Created top_text = TextStim(__class__=<class 'psychopy.visual.text.TextStim'>, alignHoriz=method-wrapper(...), alignText='center', alignVert=method-wrapper(...), anchorHoriz='center', anchorVert='center', antialias=True, autoLog=True, bold=False, color=array([1, 1, 1]), colorSpace='rgb', contrast=1.0, depth=0.0, flipHoriz=False, flipVert=False, font='Open Sans', fontFiles=[], height=0.05, italic=False, languageStyle='LTR', name='top_text', opacity=1, ori=0.0, pos=array([0.  , 0.05]), rgb=UNKNOWN, text='', units='height', win=Window(...), wrapWidth=1)
4.3623 	EXP 	practiceprobe: autoLog = True
4.3623 	EXP 	probe_text: autoLog = True
4.3623 	EXP 	InstrText: autoDraw = True
4.8726 	DATA 	Keypress: space
4.8949 	EXP 	InstrText: autoDraw = False
4.8949 	EXP 	example: autoDraw = True
5.1011 	DATA 	Keypress: space
5.1104 	EXP 	example: autoDraw = False
5.1104 	EXP 	practice: autoDraw = True
5.5000 	DEBUG 	Read excel file with openpyxl: practice.xlsx
5.5005 	EXP 	Imported practice.xlsx as conditions, 3 conditions, 2 params
5.5013 	EXP 	Created sequence: sequential, trialTypes=3, nReps=1, seed=None
5.5017 	EXP 	New trial (rep=0, index=0): {'word1': 'mouse', 'word2': 'tree'}
5.5084 	DATA 	Keypress: space
5.5176 	EXP 	practice: autoDraw = False
5.5176 	EXP 	top_practice: text = ''
5.5176 	EXP 	bottom_practice: text = ''
5.5176 	EXP 	top_practice: autoDraw = True
5.5176 	EXP 	bottom_practice: autoDraw = True
5.5176 	EXP 	fix_practice: autoDraw = True
5.5176 	EXP 	top_practice: text = ''
5.5176 	EXP 	bottom_practice: text = ''
7.5098 	EXP 	New trial (rep=0, index=1): {'word1': 'fork', 'word2': 'task'}
7.5246 	EXP 	top_practice: autoDraw = False
7.5246 	EXP 	bottom_practice: autoDraw = False
7.5246 	EXP 	fix_practice: autoDraw = False
7.5246 	EXP 	top_practice: text = ''
7.5246 	EXP 	bottom_practice: text = ''
7.5246 	EXP 	top_practice: autoDraw = True
7.5246 	EXP 	bottom_practice: autoDraw = True
7.5246 	EXP 	fix_practice: autoDraw = True
9.5092 	EXP 	New trial (rep=0, index=2): {'word1': 'trash', 'word2': 'desk'}
9.5246 	EXP 	top_practice: autoDraw = False
9.5246 	EXP 	bottom_practice: autoDraw = False
9.5246 	EXP 	fix_practice: autoDraw = False
9.5246 	EXP 	top_practice: text = ''
9.5246 	EXP 	bottom_practice: text = ''
9.5246 	EXP 	top_practice: autoDraw = True
9.5246 	EXP 	bottom_practice: autoDraw = True
9.5246 	EXP 	fix_practice: autoDraw = True
11.5013 	DEBUG 	Read excel file with openpyxl: practice.xlsx
11.5020 	EXP 	Imported practice.xlsx as conditions, 3 conditions, 2 params
11.5028 	EXP 	Created sequence: sequential, trialTypes=3, nReps=1, seed=None
11.5035 	EXP 	New trial (rep=0, index=0): {'word1': 'mouse', 'word2': 'tree'}
11.5168 	EXP 	top_practice: autoDraw = False
11.5168 	EXP 	bottom_practice: autoDraw = False
11.5168 	EXP 	fix_practice: autoDraw = False
11.5168 	EXP 	top: text = ''
11.5168 	EXP 	practiceprobe: pos = array([ 0.35, -0.05])
11.5168 	EXP 	top: autoDraw = True
11.5168 	EXP 	practiceprobe: autoDraw = True
11.5168 	EXP 	top: text = ''
12.0973 	DATA 	Mouse: wheel shift=(0,0), pos=(884,136)
12.1476 	DATA 	Mouse: wheel shift=(0,0), pos=(884,136)
12.8982 	DATA 	Keypress: escape
13.5835 	EXP 	window1: mouseVisible = True
13.5837 	DEBUG 	Saving data for paired-associates ExperimentHandler
13.5847 	INFO 	saved data to /Users/adkinsty/files/experiments/paired-associates/data/_paired-associates_2021_Mar_16_2347.psydat
13.5858 	INFO 	saved data to '/Users/adkinsty/files/experiments/paired-associates/data/_paired-associates_2021_Mar_16_2347.csv'
